<?xml version="1.0" encoding="UTF-8"?>
<Site BuildName="Linux-c++"
	BuildStamp="20241228-1347-Experimental"
	Name="badr-eddine-IdeaPad-Gaming-3-15ACH6"
	Generator="ctest-3.28.3"
	CompilerName="/usr/bin/c++"
	CompilerVersion="13.3.0"
	OSName="Linux"
	Hostname="badr-eddine-IdeaPad-Gaming-3-15ACH6"
	OSRelease="6.8.0-51-generic"
	OSVersion="#52-Ubuntu SMP PREEMPT_DYNAMIC Thu Dec  5 13:09:44 UTC 2024"
	OSPlatform="x86_64"
	Is64Bits="1"
	VendorString="AuthenticAMD"
	VendorID="Advanced Micro Devices"
	FamilyID="25"
	ModelID="80"
	ProcessorCacheSize="512"
	NumberOfLogicalCPU="12"
	NumberOfPhysicalCPU="6"
	TotalVirtualMemory="4095"
	TotalPhysicalMemory="13312"
	LogicalProcessorsPerPhysical="2"
	ProcessorClockFrequency="3366.46"
	>
	<Testing>
		<StartDateTime>Dec 28 14:47 CET</StartDateTime>
		<StartTestTime>1735393622</StartTestTime>
		<TestList/>
		<EndDateTime>Dec 28 14:47 CET</EndDateTime>
		<EndTestTime>1735393622</EndTestTime>
		<ElapsedMinutes>0</ElapsedMinutes>
	</Testing>
</Site>
